<?xml version="1.0" encoding="UTF-8"?>
<testng-results ignored="0" total="1" passed="1" failed="0" skipped="0">
  <reporter-output>
  </reporter-output>
  <suite started-at="2024-05-02T19:49:17Z" name="Suite" finished-at="2024-05-02T19:50:15Z" duration-ms="58251">
    <groups>
    </groups>
    <test started-at="2024-05-02T19:49:17Z" name="Test" finished-at="2024-05-02T19:50:15Z" duration-ms="58251">
      <class name="com.framework.april_thirty.SwitchParentToChild">
        <test-method is-config="true" signature="setUp()[pri:0, instance:com.framework.april_thirty.SwitchParentToChild@5ef5c734]" started-at="2024-05-02T19:49:17Z" name="setUp" finished-at="2024-05-02T19:50:14Z" duration-ms="57126" status="PASS">
          <reporter-output>
          </reporter-output>
        </test-method> <!-- setUp -->
        <test-method signature="tabs()[pri:0, instance:com.framework.april_thirty.SwitchParentToChild@5ef5c734]" started-at="2024-05-02T19:50:14Z" name="tabs" finished-at="2024-05-02T19:50:15Z" duration-ms="740" status="PASS">
          <reporter-output>
          </reporter-output>
        </test-method> <!-- tabs -->
        <test-method is-config="true" signature="tearDown()[pri:0, instance:com.framework.april_thirty.SwitchParentToChild@5ef5c734]" started-at="2024-05-02T19:50:15Z" name="tearDown" finished-at="2024-05-02T19:50:15Z" duration-ms="363" status="PASS">
          <reporter-output>
          </reporter-output>
        </test-method> <!-- tearDown -->
      </class> <!-- com.framework.april_thirty.SwitchParentToChild -->
    </test> <!-- Test -->
  </suite> <!-- Suite -->
</testng-results>
