<?xml version="1.0" encoding="UTF-8"?>
<testng-results ignored="0" total="1" passed="1" failed="0" skipped="0">
  <reporter-output>
  </reporter-output>
  <suite started-at="2024-04-30T17:03:02Z" name="Default suite" finished-at="2024-04-30T17:03:13Z" duration-ms="10516">
    <groups>
    </groups>
    <test started-at="2024-04-30T17:03:02Z" name="Default test" finished-at="2024-04-30T17:03:13Z" duration-ms="10516">
      <class name="com.framework.april_thirty.SwitchParentToChild">
        <test-method is-config="true" signature="setUp()[pri:0, instance:com.framework.april_thirty.SwitchParentToChild@71329995]" started-at="2024-04-30T17:03:02Z" name="setUp" finished-at="2024-04-30T17:03:12Z" duration-ms="9481" status="PASS">
          <reporter-output>
          </reporter-output>
        </test-method> <!-- setUp -->
        <test-method signature="tabs()[pri:0, instance:com.framework.april_thirty.SwitchParentToChild@71329995]" started-at="2024-04-30T17:03:12Z" name="tabs" finished-at="2024-04-30T17:03:12Z" duration-ms="684" status="PASS">
          <reporter-output>
          </reporter-output>
        </test-method> <!-- tabs -->
        <test-method is-config="true" signature="tearDown()[pri:0, instance:com.framework.april_thirty.SwitchParentToChild@71329995]" started-at="2024-04-30T17:03:12Z" name="tearDown" finished-at="2024-04-30T17:03:13Z" duration-ms="323" status="PASS">
          <reporter-output>
          </reporter-output>
        </test-method> <!-- tearDown -->
      </class> <!-- com.framework.april_thirty.SwitchParentToChild -->
    </test> <!-- Default test -->
  </suite> <!-- Default suite -->
</testng-results>
